#
# There is insufficient memory for the Java Runtime Environment to continue.
# Native memory allocation (malloc) failed to allocate 1048576 bytes for AllocateHeap
# Possible reasons:
#   The system is out of physical RAM or swap space
#   The process is running with CompressedOops enabled, and the Java Heap may be blocking the growth of the native heap
# Possible solutions:
#   Reduce memory load on the system
#   Increase physical memory or swap space
#   Check if swap backing store is full
#   Decrease Java heap size (-Xmx/-Xms)
#   Decrease number of Java threads
#   Decrease Java thread stack sizes (-Xss)
#   Set larger code cache with -XX:ReservedCodeCacheSize=
#   JVM is running with Unscaled Compressed Oops mode in which the Java heap is
#     placed in the first 4GB address space. The Java Heap base address is the
#     maximum limit for the native heap growth. Please use -XX:HeapBaseMinAddress
#     to set the Java Heap base and to place the Java Heap above 4GB virtual address.
# This output file may be truncated or incomplete.
#
#  Out of Memory Error (memory/allocation.inline.hpp:61), pid=14708, tid=0x0000000000003850
#
# JRE version:  (8.0_231-b11) (build )
# Java VM: Java HotSpot(TM) 64-Bit Server VM (25.231-b11 mixed mode windows-amd64 compressed oops)
# Failed to write core dump. Minidumps are not enabled by default on client versions of Windows
#

---------------  T H R E A D  ---------------

Current thread (0x0000000002edd800):  JavaThread "Unknown thread" [_thread_in_vm, id=14416, stack(0x0000000002d20000,0x0000000002e20000)]

Stack: [0x0000000002d20000,0x0000000002e20000]
[error occurred during error reporting (printing stack bounds), id 0xc0000005]

Native frames: (J=compiled Java code, j=interpreted, Vv=VM code, C=native code)


---------------  P R O C E S S  ---------------

Java Threads: ( => current thread )

Other Threads:

=>0x0000000002edd800 (exited) JavaThread "Unknown thread" [_thread_in_vm, id=14416, stack(0x0000000002d20000,0x0000000002e20000)]

VM state:not at safepoint (normal execution)

VM Mutex/Monitor currently owned by a thread: None

heap address: 0x00000000c1400000, size: 1004 MB, Compressed Oops mode: 32-bit
Narrow klass base: 0x0000000000000000, Narrow klass shift: 3
Compressed class space size: 1073741824 Address: 0x0000000100000000

Heap:
 PSYoungGen      total 18944K, used 327K [0x00000000eb180000, 0x00000000ec680000, 0x0000000100000000)
  eden space 16384K, 2% used [0x00000000eb180000,0x00000000eb1d1ec8,0x00000000ec180000)
  from space 2560K, 0% used [0x00000000ec400000,0x00000000ec400000,0x00000000ec680000)
  to   space 2560K, 0% used [0x00000000ec180000,0x00000000ec180000,0x00000000ec400000)
 ParOldGen       total 44032K, used 0K [0x00000000c1400000, 0x00000000c3f00000, 0x00000000eb180000)
  object space 44032K, 0% used [0x00000000c1400000,0x00000000c1400000,0x00000000c3f00000)
 Metaspace       used 754K, capacity 1092K, committed 1152K, reserved 1060864K
  class space    used 76K, capacity 384K, committed 384K, reserved 1048576K

Card table byte_map: [0x00000000123a0000,0x00000000125a0000] byte_map_base: 0x0000000011d96000

Marking Bits: (ParMarkBitMap*) 0x0000000059d16d90
 Begin Bits: [0x0000000012af0000, 0x0000000013aa0000)
 End Bits:   [0x0000000013aa0000, 0x0000000014a50000)

Polling page: 0x0000000001550000

CodeCache: size=245760Kb used=328Kb max_used=328Kb free=245431Kb
 bounds [0x0000000002fe0000, 0x0000000003250000, 0x0000000011fe0000]
 total_blobs=58 nmethods=0 adapters=38
 compilation: enabled

Compilation events (0 events):
No events

GC Heap History (0 events):
No events

Deoptimization events (0 events):
No events

Classes redefined (0 events):
No events

Internal exceptions (0 events):
No events

Events (10 events):
Event: 0.033 loading class java/lang/Short
Event: 0.033 loading class java/lang/Short done
Event: 0.033 loading class java/lang/Integer
Event: 0.033 loading class java/lang/Integer done
Event: 0.033 loading class java/lang/Long
Event: 0.034 loading class java/lang/Long done
Event: 0.034 loading class java/lang/NullPointerException
Event: 0.034 loading class java/lang/NullPointerException done
Event: 0.034 loading class java/lang/ArithmeticException
Event: 0.035 loading class java/lang/ArithmeticException done


Dynamic libraries:
0x00007ff687730000 - 0x00007ff687767000 	C:\Program Files\Java\jre1.8.0_231\bin\javaw.exe
0x00007ff8ed7f0000 - 0x00007ff8ed9e8000 	C:\Windows\SYSTEM32\ntdll.dll
0x00007ff8ebfd0000 - 0x00007ff8ec08f000 	C:\Windows\System32\KERNEL32.DLL
0x00007ff8eb050000 - 0x00007ff8eb346000 	C:\Windows\System32\KERNELBASE.dll
0x00007ff8ec5f0000 - 0x00007ff8ec69f000 	C:\Windows\System32\ADVAPI32.dll
0x00007ff8ec780000 - 0x00007ff8ec81e000 	C:\Windows\System32\msvcrt.dll
0x00007ff8ebf30000 - 0x00007ff8ebfcc000 	C:\Windows\System32\sechost.dll
0x00007ff8ec090000 - 0x00007ff8ec1b6000 	C:\Windows\System32\RPCRT4.dll
0x00007ff8eb910000 - 0x00007ff8ebaad000 	C:\Windows\System32\USER32.dll
0x00007ff8eafd0000 - 0x00007ff8eaff2000 	C:\Windows\System32\win32u.dll
0x00007ff8ec950000 - 0x00007ff8ec97c000 	C:\Windows\System32\GDI32.dll
0x00007ff8eb590000 - 0x00007ff8eb6a5000 	C:\Windows\System32\gdi32full.dll
0x00007ff8eb7b0000 - 0x00007ff8eb84d000 	C:\Windows\System32\msvcp_win.dll
0x00007ff8eaed0000 - 0x00007ff8eafd0000 	C:\Windows\System32\ucrtbase.dll
0x00007ff8e0690000 - 0x00007ff8e092a000 	C:\Windows\WinSxS\amd64_microsoft.windows.common-controls_6595b64144ccf1df_6.0.19041.1110_none_60b5254171f9507e\COMCTL32.dll
0x00007ff8eca00000 - 0x00007ff8eca30000 	C:\Windows\System32\IMM32.DLL
0x0000000059150000 - 0x0000000059222000 	C:\Program Files\Java\jre1.8.0_231\bin\msvcr100.dll
0x00000000594f0000 - 0x0000000059d96000 	C:\Program Files\Java\jre1.8.0_231\bin\server\jvm.dll
0x00007ff8eca90000 - 0x00007ff8eca98000 	C:\Windows\System32\PSAPI.DLL
0x00007ff8e8e50000 - 0x00007ff8e8e59000 	C:\Windows\SYSTEM32\WSOCK32.dll
0x00007ff8e0260000 - 0x00007ff8e0287000 	C:\Windows\SYSTEM32\WINMM.dll
0x00007ff8ecb00000 - 0x00007ff8ecb6b000 	C:\Windows\System32\WS2_32.dll
0x00007ff8e13a0000 - 0x00007ff8e13aa000 	C:\Windows\SYSTEM32\VERSION.dll
0x00007ff8e5e30000 - 0x00007ff8e5e3f000 	C:\Program Files\Java\jre1.8.0_231\bin\verify.dll
0x00007ff8e4a40000 - 0x00007ff8e4a69000 	C:\Program Files\Java\jre1.8.0_231\bin\java.dll
0x00007ff8e5680000 - 0x00007ff8e5696000 	C:\Program Files\Java\jre1.8.0_231\bin\zip.dll

VM Arguments:
jvm_args: -Dfile.encoding=Cp1252 
java_command: com.faith.app.CmsApp
java_class_path (initial): E:\java\DemoProject\bin;E:\java\null.jar
Launcher Type: SUN_STANDARD

Environment Variables:
PATH=C:/Program Files/Java/jre1.8.0_231/bin/server;C:/Program Files/Java/jre1.8.0_231/bin;C:/Program Files/Java/jre1.8.0_231/lib/amd64;C:\Program Files (x86)\Common Files\Oracle\Java\javapath;C:\oraclexe\app\oracle\product\11.2.0\server\bin;C:\Windows\system32;C:\Windows;C:\Windows\System32\Wbem;C:\Windows\System32\WindowsPowerShell\v1.0\;C:\Windows\System32\OpenSSH\;C:\Program Files\mingw-w64\mingw64\bin;C:\Program Files\Java\jdk-19\bin;C:\Program Files\Git\cmd;C:\Users\HP\AppData\Local\Programs\Python\Python311\Scripts\;C:\Users\HP\AppData\Local\Programs\Python\Python311\;C:\Program Files\Java\jdk-19\bin;C:\Program Files\JetBrains\PyCharm Community Edition 2022.3.2\bin;;C:\Users\HP\AppData\Local\Programs\Microsoft VS Code\bin;C:\Users\HP\Desktop\java\eclipse;
USERNAME=HP
OS=Windows_NT
PROCESSOR_IDENTIFIER=Intel64 Family 6 Model 61 Stepping 4, GenuineIntel



---------------  S Y S T E M  ---------------

OS: Windows 10.0 , 64 bit Build 19041 (10.0.19041.2913)

CPU:total 4 (initial active 4) (2 cores per cpu, 2 threads per core) family 6 model 61 stepping 4, cmov, cx8, fxsr, mmx, sse, sse2, sse3, ssse3, sse4.1, sse4.2, popcnt, avx, avx2, aes, clmul, erms, 3dnowpref, lzcnt, ht, tsc, tscinvbit, bmi1, bmi2, adx

Memory: 4k page, physical 4104276k(563120k free), swap 16687188k(5980k free)

vm_info: Java HotSpot(TM) 64-Bit Server VM (25.231-b11) for windows-amd64 JRE (1.8.0_231-b11), built on Oct  5 2019 03:11:30 by "java_re" with MS VC++ 10.0 (VS2010)

time: Fri May 12 20:03:57 2023
timezone: India Standard Time
elapsed time: 0 seconds (0d 0h 0m 0s)

