#
# There is insufficient memory for the Java Runtime Environment to continue.
# Native memory allocation (malloc) failed to allocate 32744 bytes for ChunkPool::allocate
# Possible reasons:
#   The system is out of physical RAM or swap space
#   The process is running with CompressedOops enabled, and the Java Heap may be blocking the growth of the native heap
# Possible solutions:
#   Reduce memory load on the system
#   Increase physical memory or swap space
#   Check if swap backing store is full
#   Decrease Java heap size (-Xmx/-Xms)
#   Decrease number of Java threads
#   Decrease Java thread stack sizes (-Xss)
#   Set larger code cache with -XX:ReservedCodeCacheSize=
#   JVM is running with Unscaled Compressed Oops mode in which the Java heap is
#     placed in the first 4GB address space. The Java Heap base address is the
#     maximum limit for the native heap growth. Please use -XX:HeapBaseMinAddress
#     to set the Java Heap base and to place the Java Heap above 4GB virtual address.
# This output file may be truncated or incomplete.
#
#  Out of Memory Error (allocation.cpp:272), pid=7808, tid=0x0000000000003fa4
#
# JRE version: Java(TM) SE Runtime Environment (8.0_231-b11) (build 1.8.0_231-b11)
# Java VM: Java HotSpot(TM) 64-Bit Server VM (25.231-b11 mixed mode windows-amd64 compressed oops)
# Failed to write core dump. Minidumps are not enabled by default on client versions of Windows
#

---------------  T H R E A D  ---------------

Current thread (0x0000000002e4d800):  JavaThread "main" [_thread_in_vm, id=16292, stack(0x0000000002ce0000,0x0000000002de0000)]

Stack: [0x0000000002ce0000,0x0000000002de0000]
[error occurred during error reporting (printing stack bounds), id 0xc0000005]

Native frames: (J=compiled Java code, j=interpreted, Vv=VM code, C=native code)

Java frames: (J=compiled Java code, j=interpreted, Vv=VM code)
j  sun.util.locale.provider.JRELocaleProviderAdapter.getLocaleResources(Ljava/util/Locale;)Lsun/util/locale/provider/LocaleResources;+18
j  sun.util.locale.provider.NumberFormatProviderImpl.getInstance(Ljava/util/Locale;I)Ljava/text/NumberFormat;+22
j  sun.util.locale.provider.NumberFormatProviderImpl.getNumberInstance(Ljava/util/Locale;)Ljava/text/NumberFormat;+3
j  java.text.NumberFormat.getInstance(Lsun/util/locale/provider/LocaleProviderAdapter;Ljava/util/Locale;I)Ljava/text/NumberFormat;+46
j  java.text.NumberFormat.getInstance(Ljava/util/Locale;I)Ljava/text/NumberFormat;+10
j  java.text.NumberFormat.getNumberInstance(Ljava/util/Locale;)Ljava/text/NumberFormat;+2
j  java.util.Scanner.useLocale(Ljava/util/Locale;)Ljava/util/Scanner;+19
j  java.util.Scanner.<init>(Ljava/lang/Readable;Ljava/util/regex/Pattern;)V+244
j  java.util.Scanner.<init>(Ljava/io/InputStream;)V+12
j  com.faith.lib.CmsMenu.<clinit>()V+27
v  ~StubRoutines::call_stub
j  com.faith.app.CmsApp.main([Ljava/lang/String;)V+0
v  ~StubRoutines::call_stub

---------------  P R O C E S S  ---------------

Java Threads: ( => current thread )
  0x0000000016eed000 JavaThread "Service Thread" daemon [_thread_blocked, id=5728, stack(0x00000000172b0000,0x00000000173b0000)]
  0x0000000015578800 JavaThread "C1 CompilerThread2" daemon [_thread_blocked, id=16776, stack(0x0000000016db0000,0x0000000016eb0000)]
  0x0000000015564800 JavaThread "C2 CompilerThread1" daemon [_thread_blocked, id=1700, stack(0x0000000016cb0000,0x0000000016db0000)]
  0x000000001555e800 JavaThread "C2 CompilerThread0" daemon [_thread_blocked, id=11288, stack(0x0000000016bb0000,0x0000000016cb0000)]
  0x000000001555c000 JavaThread "Attach Listener" daemon [_thread_blocked, id=4500, stack(0x0000000016ab0000,0x0000000016bb0000)]
  0x000000001555a800 JavaThread "Signal Dispatcher" daemon [_thread_blocked, id=6172, stack(0x00000000169b0000,0x0000000016ab0000)]
  0x0000000002f4c800 JavaThread "Finalizer" daemon [_thread_blocked, id=5424, stack(0x00000000167b0000,0x00000000168b0000)]
  0x0000000002f42000 JavaThread "Reference Handler" daemon [_thread_blocked, id=12744, stack(0x00000000166b0000,0x00000000167b0000)]
=>0x0000000002e4d800 JavaThread "main" [_thread_in_vm, id=16292, stack(0x0000000002ce0000,0x0000000002de0000)]

Other Threads:
  0x0000000015527800 VMThread [stack: 0x00000000165b0000,0x00000000166b0000] [id=7148]
  0x0000000016efe800 WatcherThread [stack: 0x00000000173b0000,0x00000000174b0000] [id=6584]

VM state:not at safepoint (normal execution)

VM Mutex/Monitor currently owned by a thread:  ([mutex/lock_event])
[0x0000000002e4c9b0] SymbolTable_lock - owner thread: 0x0000000002e4d800

heap address: 0x00000000c1400000, size: 1004 MB, Compressed Oops mode: 32-bit
Narrow klass base: 0x0000000000000000, Narrow klass shift: 3
Compressed class space size: 1073741824 Address: 0x0000000100000000

Heap:
 PSYoungGen      total 18944K, used 983K [0x00000000eb180000, 0x00000000ec680000, 0x0000000100000000)
  eden space 16384K, 6% used [0x00000000eb180000,0x00000000eb275c68,0x00000000ec180000)
  from space 2560K, 0% used [0x00000000ec400000,0x00000000ec400000,0x00000000ec680000)
  to   space 2560K, 0% used [0x00000000ec180000,0x00000000ec180000,0x00000000ec400000)
 ParOldGen       total 44032K, used 0K [0x00000000c1400000, 0x00000000c3f00000, 0x00000000eb180000)
  object space 44032K, 0% used [0x00000000c1400000,0x00000000c1400000,0x00000000c3f00000)
 Metaspace       used 2827K, capacity 4564K, committed 4864K, reserved 1056768K
  class space    used 323K, capacity 388K, committed 512K, reserved 1048576K

Card table byte_map: [0x0000000012310000,0x0000000012510000] byte_map_base: 0x0000000011d06000

Marking Bits: (ParMarkBitMap*) 0x000000006dbd6d90
 Begin Bits: [0x0000000012a60000, 0x0000000013a10000)
 End Bits:   [0x0000000013a10000, 0x00000000149c0000)

Polling page: 0x0000000002ca0000

CodeCache: size=245760Kb used=1120Kb max_used=1121Kb free=244639Kb
 bounds [0x0000000002f50000, 0x00000000031c0000, 0x0000000011f50000]
 total_blobs=265 nmethods=31 adapters=148
 compilation: enabled

Compilation events (10 events):
Event: 0.138 Thread 0x0000000015578800 nmethod 24 0x0000000003063e90 code [0x0000000003064000, 0x0000000003064248]
Event: 0.143 Thread 0x0000000015578800   25       3       java.lang.String::indexOf (7 bytes)
Event: 0.143 Thread 0x000000001555e800   26       4       java.lang.String::charAt (29 bytes)
Event: 0.143 Thread 0x0000000015578800 nmethod 25 0x0000000003064750 code [0x00000000030648c0, 0x0000000003064ac8]
Event: 0.143 Thread 0x0000000015578800   27       1       java.lang.Object::<init> (1 bytes)
Event: 0.143 Thread 0x0000000015578800 nmethod 27 0x0000000003064b50 code [0x0000000003064ca0, 0x0000000003064db0]
Event: 0.143 Thread 0x0000000015578800   28       3       java.lang.String::<init> (82 bytes)
Event: 0.144 Thread 0x0000000015578800 nmethod 28 0x0000000003064e10 code [0x0000000003064fe0, 0x00000000030654d8]
Event: 0.144 Thread 0x0000000015578800   30       3       java.util.HashMap::putVal (300 bytes)
Event: 0.144 Thread 0x000000001555e800 nmethod 26 0x0000000003068410 code [0x0000000003068560, 0x0000000003068618]

GC Heap History (0 events):
No events

Deoptimization events (0 events):
No events

Classes redefined (0 events):
No events

Internal exceptions (2 events):
Event: 0.042 Thread 0x0000000002e4d800 Exception <a 'java/lang/NoSuchMethodError': Method sun.misc.Unsafe.defineClass(Ljava/lang/String;[BII)Ljava/lang/Class; name or signature does not match> (0x00000000eb187cb8) thrown at [C:\re\workspace\8-2-build-windows-amd64-cygwin\jdk8u231\13620\hotspot
Event: 0.043 Thread 0x0000000002e4d800 Exception <a 'java/lang/NoSuchMethodError': Method sun.misc.Unsafe.prefetchRead(Ljava/lang/Object;J)V name or signature does not match> (0x00000000eb187fa0) thrown at [C:\re\workspace\8-2-build-windows-amd64-cygwin\jdk8u231\13620\hotspot\src\share\vm\prim

Events (10 events):
Event: 0.142 loading class sun/util/locale/provider/LocaleDataMetaInfo done
Event: 0.142 loading class java/util/HashSet
Event: 0.142 loading class java/util/HashSet done
Event: 0.143 loading class sun/util/locale/provider/JRELocaleProviderAdapter$1
Event: 0.143 loading class sun/util/locale/provider/JRELocaleProviderAdapter$1 done
Event: 0.144 loading class sun/util/locale/LanguageTag
Event: 0.144 loading class sun/util/locale/LanguageTag done
Event: 0.145 loading class java/util/Collections$EmptyIterator
Event: 0.145 loading class java/util/Collections$EmptyIterator done
Event: 0.146 loading class sun/util/locale/provider/LocaleResources


Dynamic libraries:
0x00007ff71ba60000 - 0x00007ff71ba97000 	C:\Program Files\Java\jre1.8.0_231\bin\javaw.exe
0x00007ffd35430000 - 0x00007ffd35628000 	C:\Windows\SYSTEM32\ntdll.dll
0x00007ffd33d50000 - 0x00007ffd33e0f000 	C:\Windows\System32\KERNEL32.DLL
0x00007ffd32bb0000 - 0x00007ffd32e8a000 	C:\Windows\System32\KERNELBASE.dll
0x00007ffd33e10000 - 0x00007ffd33ebe000 	C:\Windows\System32\ADVAPI32.dll
0x00007ffd34850000 - 0x00007ffd348ee000 	C:\Windows\System32\msvcrt.dll
0x00007ffd33ef0000 - 0x00007ffd33f8c000 	C:\Windows\System32\sechost.dll
0x00007ffd34b60000 - 0x00007ffd34c86000 	C:\Windows\System32\RPCRT4.dll
0x00007ffd349c0000 - 0x00007ffd34b5d000 	C:\Windows\System32\USER32.dll
0x00007ffd32e90000 - 0x00007ffd32eb2000 	C:\Windows\System32\win32u.dll
0x00007ffd33bf0000 - 0x00007ffd33c1b000 	C:\Windows\System32\GDI32.dll
0x00007ffd33380000 - 0x00007ffd33490000 	C:\Windows\System32\gdi32full.dll
0x00007ffd32f80000 - 0x00007ffd3301d000 	C:\Windows\System32\msvcp_win.dll
0x00007ffd33280000 - 0x00007ffd33380000 	C:\Windows\System32\ucrtbase.dll
0x00007ffd21d90000 - 0x00007ffd2202a000 	C:\Windows\WinSxS\amd64_microsoft.windows.common-controls_6595b64144ccf1df_6.0.19041.1110_none_60b5254171f9507e\COMCTL32.dll
0x00007ffd33ec0000 - 0x00007ffd33ef0000 	C:\Windows\System32\IMM32.DLL
0x000000006d010000 - 0x000000006d0e2000 	C:\Program Files\Java\jre1.8.0_231\bin\msvcr100.dll
0x000000006d3b0000 - 0x000000006dc56000 	C:\Program Files\Java\jre1.8.0_231\bin\server\jvm.dll
0x00007ffd34c90000 - 0x00007ffd34c98000 	C:\Windows\System32\PSAPI.DLL
0x00007ffd30ac0000 - 0x00007ffd30ac9000 	C:\Windows\SYSTEM32\WSOCK32.dll
0x00007ffd264d0000 - 0x00007ffd264da000 	C:\Windows\SYSTEM32\VERSION.dll
0x00007ffd227f0000 - 0x00007ffd22817000 	C:\Windows\SYSTEM32\WINMM.dll
0x00007ffd348f0000 - 0x00007ffd3495b000 	C:\Windows\System32\WS2_32.dll
0x00007ffd2e150000 - 0x00007ffd2e15f000 	C:\Program Files\Java\jre1.8.0_231\bin\verify.dll
0x00007ffd20640000 - 0x00007ffd20669000 	C:\Program Files\Java\jre1.8.0_231\bin\java.dll
0x00007ffd20620000 - 0x00007ffd20636000 	C:\Program Files\Java\jre1.8.0_231\bin\zip.dll
0x00007ffd34ca0000 - 0x00007ffd353e4000 	C:\Windows\System32\SHELL32.dll
0x00007ffd30be0000 - 0x00007ffd31373000 	C:\Windows\SYSTEM32\windows.storage.dll
0x00007ffd34270000 - 0x00007ffd345c4000 	C:\Windows\System32\combase.dll
0x00007ffd325a0000 - 0x00007ffd325ce000 	C:\Windows\SYSTEM32\Wldp.dll
0x00007ffd33b40000 - 0x00007ffd33bed000 	C:\Windows\System32\SHCORE.dll
0x00007ffd33610000 - 0x00007ffd33665000 	C:\Windows\System32\shlwapi.dll
0x00007ffd32a80000 - 0x00007ffd32a9f000 	C:\Windows\SYSTEM32\profapi.dll

VM Arguments:
jvm_args: -Dfile.encoding=Cp1252 
java_command: com.faith.app.CmsApp
java_class_path (initial): E:\java\DemoProject\bin;E:\java\null.jar
Launcher Type: SUN_STANDARD

Environment Variables:
PATH=C:/Program Files/Java/jre1.8.0_231/bin/server;C:/Program Files/Java/jre1.8.0_231/bin;C:/Program Files/Java/jre1.8.0_231/lib/amd64;C:\Program Files (x86)\Common Files\Oracle\Java\javapath;C:\oraclexe\app\oracle\product\11.2.0\server\bin;C:\Windows\system32;C:\Windows;C:\Windows\System32\Wbem;C:\Windows\System32\WindowsPowerShell\v1.0\;C:\Windows\System32\OpenSSH\;C:\Program Files\mingw-w64\mingw64\bin;C:\Program Files\Java\jdk-19\bin;C:\Program Files\Git\cmd;C:\Users\HP\AppData\Local\Programs\Python\Python311\Scripts\;C:\Users\HP\AppData\Local\Programs\Python\Python311\;C:\Program Files\Java\jdk-19\bin;C:\Program Files\JetBrains\PyCharm Community Edition 2022.3.2\bin;;C:\Users\HP\AppData\Local\Programs\Microsoft VS Code\bin;C:\Users\HP\Desktop\java\eclipse;
USERNAME=HP
OS=Windows_NT
PROCESSOR_IDENTIFIER=Intel64 Family 6 Model 61 Stepping 4, GenuineIntel



---------------  S Y S T E M  ---------------

OS: Windows 10.0 , 64 bit Build 19041 (10.0.19041.2788)

CPU:total 4 (initial active 4) (2 cores per cpu, 2 threads per core) family 6 model 61 stepping 4, cmov, cx8, fxsr, mmx, sse, sse2, sse3, ssse3, sse4.1, sse4.2, popcnt, avx, avx2, aes, clmul, erms, 3dnowpref, lzcnt, ht, tsc, tscinvbit, bmi1, bmi2, adx

Memory: 4k page, physical 4104276k(465716k free), swap 16687188k(2144k free)

vm_info: Java HotSpot(TM) 64-Bit Server VM (25.231-b11) for windows-amd64 JRE (1.8.0_231-b11), built on Oct  5 2019 03:11:30 by "java_re" with MS VC++ 10.0 (VS2010)

time: Mon May 08 22:29:11 2023
timezone: India Standard Time
elapsed time: 0 seconds (0d 0h 0m 0s)

