#
# There is insufficient memory for the Java Runtime Environment to continue.
# Native memory allocation (malloc) failed to allocate 1048576 bytes for AllocateHeap
# Possible reasons:
#   The system is out of physical RAM or swap space
#   The process is running with CompressedOops enabled, and the Java Heap may be blocking the growth of the native heap
# Possible solutions:
#   Reduce memory load on the system
#   Increase physical memory or swap space
#   Check if swap backing store is full
#   Decrease Java heap size (-Xmx/-Xms)
#   Decrease number of Java threads
#   Decrease Java thread stack sizes (-Xss)
#   Set larger code cache with -XX:ReservedCodeCacheSize=
#   JVM is running with Unscaled Compressed Oops mode in which the Java heap is
#     placed in the first 4GB address space. The Java Heap base address is the
#     maximum limit for the native heap growth. Please use -XX:HeapBaseMinAddress
#     to set the Java Heap base and to place the Java Heap above 4GB virtual address.
# This output file may be truncated or incomplete.
#
#  Out of Memory Error (memory/allocation.inline.hpp:61), pid=18300, tid=0x0000000000003668
#
# JRE version:  (8.0_231-b11) (build )
# Java VM: Java HotSpot(TM) 64-Bit Server VM (25.231-b11 mixed mode windows-amd64 compressed oops)
# Failed to write core dump. Minidumps are not enabled by default on client versions of Windows
#

---------------  T H R E A D  ---------------

Current thread (0x0000000002b1d800):  JavaThread "Unknown thread" [_thread_in_vm, id=13928, stack(0x0000000002b20000,0x0000000002c20000)]

Stack: [0x0000000002b20000,0x0000000002c20000]
[error occurred during error reporting (printing stack bounds), id 0xc0000005]

Native frames: (J=compiled Java code, j=interpreted, Vv=VM code, C=native code)


---------------  P R O C E S S  ---------------

Java Threads: ( => current thread )

Other Threads:

=>0x0000000002b1d800 (exited) JavaThread "Unknown thread" [_thread_in_vm, id=13928, stack(0x0000000002b20000,0x0000000002c20000)]

VM state:not at safepoint (normal execution)

VM Mutex/Monitor currently owned by a thread: None

heap address: 0x00000000c1400000, size: 1004 MB, Compressed Oops mode: 32-bit
Narrow klass base: 0x0000000000000000, Narrow klass shift: 3
Compressed class space size: 1073741824 Address: 0x0000000100000000

Heap:
 PSYoungGen      total 18944K, used 327K [0x00000000eb180000, 0x00000000ec680000, 0x0000000100000000)
  eden space 16384K, 2% used [0x00000000eb180000,0x00000000eb1d1ec8,0x00000000ec180000)
  from space 2560K, 0% used [0x00000000ec400000,0x00000000ec400000,0x00000000ec680000)
  to   space 2560K, 0% used [0x00000000ec180000,0x00000000ec180000,0x00000000ec400000)
 ParOldGen       total 44032K, used 0K [0x00000000c1400000, 0x00000000c3f00000, 0x00000000eb180000)
  object space 44032K, 0% used [0x00000000c1400000,0x00000000c1400000,0x00000000c3f00000)
 Metaspace       used 752K, capacity 4480K, committed 4480K, reserved 1056768K
  class space    used 76K, capacity 384K, committed 384K, reserved 1048576K

Card table byte_map: [0x00000000120e0000,0x00000000122e0000] byte_map_base: 0x0000000011ad6000

Marking Bits: (ParMarkBitMap*) 0x000000006dbd6d90
 Begin Bits: [0x0000000012830000, 0x00000000137e0000)
 End Bits:   [0x00000000137e0000, 0x0000000014790000)

Polling page: 0x0000000002a20000

CodeCache: size=245760Kb used=328Kb max_used=328Kb free=245431Kb
 bounds [0x0000000002d20000, 0x0000000002f90000, 0x0000000011d20000]
 total_blobs=58 nmethods=0 adapters=38
 compilation: enabled

Compilation events (0 events):
No events

GC Heap History (0 events):
No events

Deoptimization events (0 events):
No events

Classes redefined (0 events):
No events

Internal exceptions (0 events):
No events

Events (10 events):
Event: 0.037 loading class java/lang/Short
Event: 0.037 loading class java/lang/Short done
Event: 0.037 loading class java/lang/Integer
Event: 0.037 loading class java/lang/Integer done
Event: 0.037 loading class java/lang/Long
Event: 0.037 loading class java/lang/Long done
Event: 0.038 loading class java/lang/NullPointerException
Event: 0.038 loading class java/lang/NullPointerException done
Event: 0.038 loading class java/lang/ArithmeticException
Event: 0.038 loading class java/lang/ArithmeticException done


Dynamic libraries:
0x00007ff71ba60000 - 0x00007ff71ba97000 	C:\Program Files\Java\jre1.8.0_231\bin\javaw.exe
0x00007ffd35430000 - 0x00007ffd35628000 	C:\Windows\SYSTEM32\ntdll.dll
0x00007ffd33d50000 - 0x00007ffd33e0f000 	C:\Windows\System32\KERNEL32.DLL
0x00007ffd32bb0000 - 0x00007ffd32e8a000 	C:\Windows\System32\KERNELBASE.dll
0x00007ffd33e10000 - 0x00007ffd33ebe000 	C:\Windows\System32\ADVAPI32.dll
0x00007ffd34850000 - 0x00007ffd348ee000 	C:\Windows\System32\msvcrt.dll
0x00007ffd33ef0000 - 0x00007ffd33f8c000 	C:\Windows\System32\sechost.dll
0x00007ffd34b60000 - 0x00007ffd34c86000 	C:\Windows\System32\RPCRT4.dll
0x00007ffd349c0000 - 0x00007ffd34b5d000 	C:\Windows\System32\USER32.dll
0x00007ffd32e90000 - 0x00007ffd32eb2000 	C:\Windows\System32\win32u.dll
0x00007ffd33bf0000 - 0x00007ffd33c1b000 	C:\Windows\System32\GDI32.dll
0x00007ffd33380000 - 0x00007ffd33490000 	C:\Windows\System32\gdi32full.dll
0x00007ffd32f80000 - 0x00007ffd3301d000 	C:\Windows\System32\msvcp_win.dll
0x00007ffd33280000 - 0x00007ffd33380000 	C:\Windows\System32\ucrtbase.dll
0x00007ffd21d90000 - 0x00007ffd2202a000 	C:\Windows\WinSxS\amd64_microsoft.windows.common-controls_6595b64144ccf1df_6.0.19041.1110_none_60b5254171f9507e\COMCTL32.dll
0x00007ffd33ec0000 - 0x00007ffd33ef0000 	C:\Windows\System32\IMM32.DLL
0x000000006d010000 - 0x000000006d0e2000 	C:\Program Files\Java\jre1.8.0_231\bin\msvcr100.dll
0x000000006d3b0000 - 0x000000006dc56000 	C:\Program Files\Java\jre1.8.0_231\bin\server\jvm.dll
0x00007ffd34c90000 - 0x00007ffd34c98000 	C:\Windows\System32\PSAPI.DLL
0x00007ffd227f0000 - 0x00007ffd22817000 	C:\Windows\SYSTEM32\WINMM.dll
0x00007ffd30ac0000 - 0x00007ffd30ac9000 	C:\Windows\SYSTEM32\WSOCK32.dll
0x00007ffd348f0000 - 0x00007ffd3495b000 	C:\Windows\System32\WS2_32.dll
0x00007ffd264d0000 - 0x00007ffd264da000 	C:\Windows\SYSTEM32\VERSION.dll
0x00007ffd2e150000 - 0x00007ffd2e15f000 	C:\Program Files\Java\jre1.8.0_231\bin\verify.dll
0x00007ffd20640000 - 0x00007ffd20669000 	C:\Program Files\Java\jre1.8.0_231\bin\java.dll
0x00007ffd20620000 - 0x00007ffd20636000 	C:\Program Files\Java\jre1.8.0_231\bin\zip.dll

VM Arguments:
jvm_args: -Dfile.encoding=Cp1252 
java_command: com.faith.app.CmsApp
java_class_path (initial): E:\java\DemoProject\bin;E:\java\null.jar
Launcher Type: SUN_STANDARD

Environment Variables:
PATH=C:/Program Files/Java/jre1.8.0_231/bin/server;C:/Program Files/Java/jre1.8.0_231/bin;C:/Program Files/Java/jre1.8.0_231/lib/amd64;C:\Program Files (x86)\Common Files\Oracle\Java\javapath;C:\oraclexe\app\oracle\product\11.2.0\server\bin;C:\Windows\system32;C:\Windows;C:\Windows\System32\Wbem;C:\Windows\System32\WindowsPowerShell\v1.0\;C:\Windows\System32\OpenSSH\;C:\Program Files\mingw-w64\mingw64\bin;C:\Program Files\Java\jdk-19\bin;C:\Program Files\Git\cmd;C:\Users\HP\AppData\Local\Programs\Python\Python311\Scripts\;C:\Users\HP\AppData\Local\Programs\Python\Python311\;C:\Program Files\Java\jdk-19\bin;C:\Program Files\JetBrains\PyCharm Community Edition 2022.3.2\bin;;C:\Users\HP\AppData\Local\Programs\Microsoft VS Code\bin;C:\Users\HP\Desktop\java\eclipse;
USERNAME=HP
OS=Windows_NT
PROCESSOR_IDENTIFIER=Intel64 Family 6 Model 61 Stepping 4, GenuineIntel



---------------  S Y S T E M  ---------------

OS: Windows 10.0 , 64 bit Build 19041 (10.0.19041.2788)

CPU:total 4 (initial active 4) (2 cores per cpu, 2 threads per core) family 6 model 61 stepping 4, cmov, cx8, fxsr, mmx, sse, sse2, sse3, ssse3, sse4.1, sse4.2, popcnt, avx, avx2, aes, clmul, erms, 3dnowpref, lzcnt, ht, tsc, tscinvbit, bmi1, bmi2, adx

Memory: 4k page, physical 4104276k(310144k free), swap 16687188k(5492k free)

vm_info: Java HotSpot(TM) 64-Bit Server VM (25.231-b11) for windows-amd64 JRE (1.8.0_231-b11), built on Oct  5 2019 03:11:30 by "java_re" with MS VC++ 10.0 (VS2010)

time: Mon May 08 22:05:20 2023
timezone: India Standard Time
elapsed time: 0 seconds (0d 0h 0m 0s)

